2018-07-20T10:35:37+00:00 CRITICAL Uncaught ArgumentCountError: Too few arguments to function wcslider_all_settings(), 1 passed in /var/www/html/credit/wp-includes/class-wp-hook.php on line 286 and exactly 2 expected in /var/www/html/credit/wp-content/themes/credit/functions.php:155
Stack trace:
#0 /var/www/html/credit/wp-includes/class-wp-hook.php(286): wcslider_all_settings('')
#1 /var/www/html/credit/wp-includes/class-wp-hook.php(310): WP_Hook->apply_filters('', Array)
#2 /var/www/html/credit/wp-includes/plugin.php(453): WP_Hook->do_action(Array)
#3 /var/www/html/credit/wp-content/plugins/woocommerce/includes/admin/views/html-admin-settings.php(29): do_action('woocommerce_set...')
#4 /var/www/html/credit/wp-content/plugins/woocommerce/includes/admin/class-wc-admin-settings.php(146): include('/var/www/html/c...')
#5 /var/www/html/credit/wp-content/plugins/woocommerce/includes/admin/class-wc-admin-menus.php(250): WC_Admin_Settings::output()
#6 /var/www/html/credit/wp-includes/class-wp-hook.php(286): WC_Admin_Menus->settings_page('')
#7 /var/w

2018-07-20T10:35:39+00:00 CRITICAL Uncaught ArgumentCountError: Too few arguments to function wcslider_all_settings(), 1 passed in /var/www/html/credit/wp-includes/class-wp-hook.php on line 286 and exactly 2 expected in /var/www/html/credit/wp-content/themes/credit/functions.php:155
Stack trace:
#0 /var/www/html/credit/wp-includes/class-wp-hook.php(286): wcslider_all_settings('')
#1 /var/www/html/credit/wp-includes/class-wp-hook.php(310): WP_Hook->apply_filters('', Array)
#2 /var/www/html/credit/wp-includes/plugin.php(453): WP_Hook->do_action(Array)
#3 /var/www/html/credit/wp-content/plugins/woocommerce/includes/admin/views/html-admin-settings.php(29): do_action('woocommerce_set...')
#4 /var/www/html/credit/wp-content/plugins/woocommerce/includes/admin/class-wc-admin-settings.php(146): include('/var/www/html/c...')
#5 /var/www/html/credit/wp-content/plugins/woocommerce/includes/admin/class-wc-admin-menus.php(250): WC_Admin_Settings::output()
#6 /var/www/html/credit/wp-includes/class-wp-hook.php(286): WC_Admin_Menus->settings_page('')
#7 /var/w

2018-07-20T10:36:01+00:00 CRITICAL Uncaught ArgumentCountError: Too few arguments to function wcslider_all_settings(), 1 passed in /var/www/html/credit/wp-includes/class-wp-hook.php on line 286 and exactly 2 expected in /var/www/html/credit/wp-content/themes/credit/functions.php:148
Stack trace:
#0 /var/www/html/credit/wp-includes/class-wp-hook.php(286): wcslider_all_settings('')
#1 /var/www/html/credit/wp-includes/class-wp-hook.php(310): WP_Hook->apply_filters('', Array)
#2 /var/www/html/credit/wp-includes/plugin.php(453): WP_Hook->do_action(Array)
#3 /var/www/html/credit/wp-content/plugins/woocommerce/includes/admin/views/html-admin-settings.php(29): do_action('woocommerce_set...')
#4 /var/www/html/credit/wp-content/plugins/woocommerce/includes/admin/class-wc-admin-settings.php(146): include('/var/www/html/c...')
#5 /var/www/html/credit/wp-content/plugins/woocommerce/includes/admin/class-wc-admin-menus.php(250): WC_Admin_Settings::output()
#6 /var/www/html/credit/wp-includes/class-wp-hook.php(286): WC_Admin_Menus->settings_page('')
#7 /var/w

2018-07-20T10:36:02+00:00 CRITICAL Uncaught ArgumentCountError: Too few arguments to function wcslider_all_settings(), 1 passed in /var/www/html/credit/wp-includes/class-wp-hook.php on line 286 and exactly 2 expected in /var/www/html/credit/wp-content/themes/credit/functions.php:148
Stack trace:
#0 /var/www/html/credit/wp-includes/class-wp-hook.php(286): wcslider_all_settings('')
#1 /var/www/html/credit/wp-includes/class-wp-hook.php(310): WP_Hook->apply_filters('', Array)
#2 /var/www/html/credit/wp-includes/plugin.php(453): WP_Hook->do_action(Array)
#3 /var/www/html/credit/wp-content/plugins/woocommerce/includes/admin/views/html-admin-settings.php(29): do_action('woocommerce_set...')
#4 /var/www/html/credit/wp-content/plugins/woocommerce/includes/admin/class-wc-admin-settings.php(146): include('/var/www/html/c...')
#5 /var/www/html/credit/wp-content/plugins/woocommerce/includes/admin/class-wc-admin-menus.php(250): WC_Admin_Settings::output()
#6 /var/www/html/credit/wp-includes/class-wp-hook.php(286): WC_Admin_Menus->settings_page('')
#7 /var/w

2018-07-20T10:36:03+00:00 CRITICAL Uncaught ArgumentCountError: Too few arguments to function wcslider_all_settings(), 1 passed in /var/www/html/credit/wp-includes/class-wp-hook.php on line 286 and exactly 2 expected in /var/www/html/credit/wp-content/themes/credit/functions.php:148
Stack trace:
#0 /var/www/html/credit/wp-includes/class-wp-hook.php(286): wcslider_all_settings('')
#1 /var/www/html/credit/wp-includes/class-wp-hook.php(310): WP_Hook->apply_filters('', Array)
#2 /var/www/html/credit/wp-includes/plugin.php(453): WP_Hook->do_action(Array)
#3 /var/www/html/credit/wp-content/plugins/woocommerce/includes/admin/views/html-admin-settings.php(29): do_action('woocommerce_set...')
#4 /var/www/html/credit/wp-content/plugins/woocommerce/includes/admin/class-wc-admin-settings.php(146): include('/var/www/html/c...')
#5 /var/www/html/credit/wp-content/plugins/woocommerce/includes/admin/class-wc-admin-menus.php(250): WC_Admin_Settings::output()
#6 /var/www/html/credit/wp-includes/class-wp-hook.php(286): WC_Admin_Menus->settings_page('')
#7 /var/w

2018-07-20T10:36:04+00:00 CRITICAL Uncaught ArgumentCountError: Too few arguments to function wcslider_all_settings(), 1 passed in /var/www/html/credit/wp-includes/class-wp-hook.php on line 286 and exactly 2 expected in /var/www/html/credit/wp-content/themes/credit/functions.php:148
Stack trace:
#0 /var/www/html/credit/wp-includes/class-wp-hook.php(286): wcslider_all_settings('')
#1 /var/www/html/credit/wp-includes/class-wp-hook.php(310): WP_Hook->apply_filters('', Array)
#2 /var/www/html/credit/wp-includes/plugin.php(453): WP_Hook->do_action(Array)
#3 /var/www/html/credit/wp-content/plugins/woocommerce/includes/admin/views/html-admin-settings.php(29): do_action('woocommerce_set...')
#4 /var/www/html/credit/wp-content/plugins/woocommerce/includes/admin/class-wc-admin-settings.php(146): include('/var/www/html/c...')
#5 /var/www/html/credit/wp-content/plugins/woocommerce/includes/admin/class-wc-admin-menus.php(250): WC_Admin_Settings::output()
#6 /var/www/html/credit/wp-includes/class-wp-hook.php(286): WC_Admin_Menus->settings_page('')
#7 /var/w

